<?xml version="1.0" encoding="UTF-8"?>
<testng-results skipped="0" failed="0" ignored="0" total="1" passed="1">
  <reporter-output>
  </reporter-output>
  <suite name="eBayWebTest" duration-ms="28344" started-at="2020-04-20T13:21:21Z" finished-at="2020-04-20T13:21:49Z">
    <groups>
      <group name="cucumber">
        <method signature="AbstractTestNGCucumberTests.feature(cucumber.api.testng.CucumberFeatureWrapper)[pri:0, instance:com.ebaytest.testrunners.TestRunner@7823a2f9]" name="feature" class="cucumber.api.testng.AbstractTestNGCucumberTests"/>
      </group> <!-- cucumber -->
    </groups>
    <test name="eBayWebTestCases" duration-ms="28344" started-at="2020-04-20T13:21:21Z" finished-at="2020-04-20T13:21:49Z">
      <class name="com.ebaytest.testrunners.TestRunner">
        <test-method status="PASS" signature="setUpClass()[pri:0, instance:com.ebaytest.testrunners.TestRunner@7823a2f9]" name="setUpClass" is-config="true" duration-ms="338" started-at="2020-04-20T13:21:21Z" finished-at="2020-04-20T13:21:21Z">
          <reporter-output>
          </reporter-output>
        </test-method> <!-- setUpClass -->
        <test-method status="PASS" signature="feature(cucumber.api.testng.CucumberFeatureWrapper)[pri:0, instance:com.ebaytest.testrunners.TestRunner@7823a2f9]" name="feature" duration-ms="27848" started-at="2020-04-20T13:21:21Z" description="Runs Cucumber Feature" data-provider="features" finished-at="2020-04-20T13:21:49Z">
          <params>
            <param index="0">
              <value>
                <![CDATA[Login to ebay and add an item to cart.]]>
              </value>
            </param>
          </params>
          <reporter-output>
          </reporter-output>
        </test-method> <!-- feature -->
        <test-method status="PASS" signature="tearDownClass()[pri:0, instance:com.ebaytest.testrunners.TestRunner@7823a2f9]" name="tearDownClass" is-config="true" duration-ms="9" started-at="2020-04-20T13:21:49Z" finished-at="2020-04-20T13:21:49Z">
          <reporter-output>
          </reporter-output>
        </test-method> <!-- tearDownClass -->
      </class> <!-- com.ebaytest.testrunners.TestRunner -->
    </test> <!-- eBayWebTestCases -->
  </suite> <!-- eBayWebTest -->
</testng-results>
